<?xml version="1.0" encoding="UTF-8"?>
<testsuite xmlns:xsi="http://www.w3.org/2001/XMLSchema-instance" xsi:noNamespaceSchemaLocation="https://maven.apache.org/surefire/maven-surefire-plugin/xsd/surefire-test-report-3.0.xsd" version="3.0" name="com.api.hotel.ReservaHotelApplicationTests" time="10.389" tests="1" errors="0" skipped="0" failures="0">
  <properties>
[...]
</properties>
  <testcase name="contextLoads" classname="com.api.hotel.ReservaHotelApplicationTests" time="0.572">
    <system-out><![CDATA[01:30:50.246 [main] INFO org.springframework.test.context.support.AnnotationConfigContextLoaderUtils -- Could not detect default configuration classes for test class [com.api.hotel.ReservaHotelApplicationTests]: ReservaHotelApplicationTests does not declare any static, non-private, non-final, nested classes annotated with @Configuration.
01:30:50.327 [main] INFO org.springframework.boot.test.context.SpringBootTestContextBootstrapper -- Found @SpringBootConfiguration com.api.hotel.ReservaHotelApplication for test class com.api.hotel.ReservaHotelApplicationTests

  .   ____          _            __ _ _
 /\\ / ___'_ __ _ _(_)_ __  __ _ \ \ \ \
( ( )\___ | '_ | '_| | '_ \/ _` | \ \ \ \
 \\/  ___)| |_)| | | | | || (_| |  ) ) ) )
  '  |____| .__|_| |_|_| |_\__, | / / / /
 =========|_|==============|___/=/_/_/_/
 :: Spring Boot ::                (v3.1.4)

2023-11-15T01:30:50.686-05:00  INFO 15492 --- [           main] c.a.hotel.ReservaHotelApplicationTests   : Starting ReservaHotelApplicationTests using Java 17.0.8.1 with PID 15492 (started by User in C:\Users\User\Documents\Cibertec 2023-final\PROYECTO_RESERVA_HOTEL\PROYECTO_RESERVA_HOTEL\Reserva_Hotel)
2023-11-15T01:30:50.688-05:00  INFO 15492 --- [           main] c.a.hotel.ReservaHotelApplicationTests   : No active profile set, falling back to 1 default profile: "default"
2023-11-15T01:30:51.306-05:00  INFO 15492 --- [           main] .s.d.r.c.RepositoryConfigurationDelegate : Bootstrapping Spring Data JPA repositories in DEFAULT mode.
2023-11-15T01:30:51.359-05:00  INFO 15492 --- [           main] .s.d.r.c.RepositoryConfigurationDelegate : Finished Spring Data repository scanning in 44 ms. Found 6 JPA repository interfaces.
2023-11-15T01:30:51.722-05:00  INFO 15492 --- [           main] o.hibernate.jpa.internal.util.LogHelper  : HHH000204: Processing PersistenceUnitInfo [name: default]
2023-11-15T01:30:51.766-05:00  INFO 15492 --- [           main] org.hibernate.Version                    : HHH000412: Hibernate ORM core version 6.2.9.Final
2023-11-15T01:30:51.769-05:00  INFO 15492 --- [           main] org.hibernate.cfg.Environment            : HHH000406: Using bytecode reflection optimizer
2023-11-15T01:30:51.912-05:00  INFO 15492 --- [           main] o.h.b.i.BytecodeProviderInitiator        : HHH000021: Bytecode provider name : bytebuddy
2023-11-15T01:30:52.016-05:00  INFO 15492 --- [           main] o.s.o.j.p.SpringPersistenceUnitInfo      : No LoadTimeWeaver setup: ignoring JPA class transformer
2023-11-15T01:30:52.038-05:00  INFO 15492 --- [           main] com.zaxxer.hikari.HikariDataSource       : HikariPool-1 - Starting...
2023-11-15T01:30:54.093-05:00  INFO 15492 --- [           main] com.zaxxer.hikari.pool.HikariPool        : HikariPool-1 - Added connection com.mysql.cj.jdbc.ConnectionImpl@789dd6bf
2023-11-15T01:30:54.096-05:00  INFO 15492 --- [           main] com.zaxxer.hikari.HikariDataSource       : HikariPool-1 - Start completed.
2023-11-15T01:30:54.321-05:00  WARN 15492 --- [           main] org.hibernate.orm.deprecation            : HHH90000026: MySQL57Dialect has been deprecated; use org.hibernate.dialect.MySQLDialect instead
2023-11-15T01:30:54.586-05:00  INFO 15492 --- [           main] o.h.b.i.BytecodeProviderInitiator        : HHH000021: Bytecode provider name : bytebuddy
2023-11-15T01:30:55.208-05:00  INFO 15492 --- [           main] o.h.e.t.j.p.i.JtaPlatformInitiator       : HHH000490: Using JtaPlatform implementation: [org.hibernate.engine.transaction.jta.platform.internal.NoJtaPlatform]
2023-11-15T01:30:58.840-05:00  INFO 15492 --- [           main] j.LocalContainerEntityManagerFactoryBean : Initialized JPA EntityManagerFactory for persistence unit 'default'
2023-11-15T01:30:59.562-05:00  WARN 15492 --- [           main] JpaBaseConfiguration$JpaWebConfiguration : spring.jpa.open-in-view is enabled by default. Therefore, database queries may be performed during view rendering. Explicitly configure spring.jpa.open-in-view to disable this warning
2023-11-15T01:30:59.921-05:00  INFO 15492 --- [           main] c.a.hotel.ReservaHotelApplicationTests   : Started ReservaHotelApplicationTests in 9.472 seconds (process running for 10.249)
]]></system-out>
  </testcase>
</testsuite>